<!DOCTYPE html PUBLIC "-//W3C//DTD XHTML 1.1//EN" "https://www.w3.org/TR/xhtml11/DTD/xhtml11.dtd">
<html xmlns="https://www.w3.org/1999/xhtml">
<head>
<meta http-equiv="content-type" content="text/html; charset=UTF-8"/>
<title>TestNG Report</title>
<style type="text/css">table {margin-bottom:10px;border-collapse:collapse;empty-cells:show}th,td {border:1px solid #009;padding:.25em .5em}th {vertical-align:bottom}td {vertical-align:top}table a {font-weight:bold}.stripe td {background-color: #E6EBF9}.num {text-align:right}.passedodd td {background-color: #3F3}.passedeven td {background-color: #0A0}.skippedodd td {background-color: #DDD}.skippedeven td {background-color: #CCC}.failedodd td,.attn {background-color: #F33}.failedeven td,.stripe .attn {background-color: #D00}.stacktrace {white-space:pre;font-family:monospace}.totop {font-size:85%;text-align:center;border-bottom:2px solid #000}.invisible {display:none}</style>
</head>
<body>
<table>
<tr><th>Test</th><th># Passed</th><th># Skipped</th><th># Retried</th><th># Failed</th><th>Time (ms)</th><th>Included Groups</th><th>Excluded Groups</th></tr>
<tr><th colspan="8">Suite</th></tr>
<tr><td><a href="#t0">TwoTestMethods</a></td><td class="num">1</td><td class="num">0</td><td class="num">0</td><td class="num attn">1</td><td class="num">50</td><td></td><td></td></tr>
<tr class="stripe"><td><a href="#t1">RemaingTestMethods</a></td><td class="num">0</td><td class="num attn">1</td><td class="num">0</td><td class="num attn">1</td><td class="num">1,018</td><td></td><td></td></tr>
<tr><th>Total</th><th class="num">1</th><th class="num attn">1</th><th class="num">0</th><th class="num attn">2</th><th class="num">1,068</th><th colspan="2"></th></tr>
</table>
<table id='summary'><thead><tr><th>Class</th><th>Method</th><th>Start</th><th>Time (ms)</th></tr></thead><tbody><tr><th colspan="4">Suite</th></tr></tbody><tbody id="t0"><tr><th colspan="4">TwoTestMethods &#8212; failed</th></tr><tr class="failedeven"><td rowspan="1">hyrlisteners.TestClass1</td><td><a href="#m0">testMethod2</a></td><td rowspan="1">1646751019323</td><td rowspan="1">4</td></tr><tr><th colspan="4">TwoTestMethods &#8212; passed</th></tr><tr class="passedeven"><td rowspan="1">hyrlisteners.TestClass1</td><td><a href="#m1">testMethod1</a></td><td rowspan="1">1646751019313</td><td rowspan="1">7</td></tr></tbody>
<tbody id="t1"><tr><th colspan="4">RemaingTestMethods &#8212; failed</th></tr><tr class="failedeven"><td rowspan="1">hyrlisteners.TestClass1</td><td><a href="#m2">testMethod3</a></td><td rowspan="1">1646751019692</td><td rowspan="1">1005</td></tr><tr><th colspan="4">RemaingTestMethods &#8212; skipped</th></tr><tr class="skippedeven"><td rowspan="1">hyrlisteners.TestClass1</td><td><a href="#m3">testMethod4</a></td><td rowspan="1">1646751020704</td><td rowspan="1">0</td></tr></tbody>
</table>
<h2>TwoTestMethods</h2><h3 id="m0">hyrlisteners.TestClass1#testMethod2</h3><table class="result"><tr><th>Exception</th></tr><tr><td><div class="stacktrace">java.lang.AssertionError: expected [true] but found [false]
	at hyrlisteners.TestClass1.testMethod2(TestClass1.java:15)
	at java.base/java.util.ArrayList.forEach(ArrayList.java:1511)
... Removed 31 stack frames</div></td></tr></table><p class="totop"><a href="#summary">back to summary</a></p>
<h3 id="m1">hyrlisteners.TestClass1#testMethod1</h3><table class="result"><tr><th class="invisible"/></tr></table><p class="totop"><a href="#summary">back to summary</a></p>
<h2>RemaingTestMethods</h2><h3 id="m2">hyrlisteners.TestClass1#testMethod3</h3><table class="result"><tr><th>Exception</th></tr><tr><td><div class="stacktrace">org.testng.internal.thread.ThreadTimeoutException: Method hyrlisteners.TestClass1.testMethod3() didn&apos;t finish within the time-out 1000
	at java.base/java.util.ArrayList.forEach(ArrayList.java:1511)
... Removed 24 stack frames</div></td></tr></table><p class="totop"><a href="#summary">back to summary</a></p>
<h3 id="m3">hyrlisteners.TestClass1#testMethod4</h3><table class="result"><tr><th>Exception</th></tr><tr><td><div class="stacktrace">java.lang.Throwable: Method TestClass1.testMethod4()[pri:0, instance:hyrlisteners.TestClass1@5ba3f27a] depends on not successfully finished methods
	at java.base/java.util.ArrayList.forEach(ArrayList.java:1511)
... Removed 18 stack frames</div></td></tr></table><p class="totop"><a href="#summary">back to summary</a></p>
</body>
</html>
